<?xml version="1.0" encoding="UTF-8" ?>
<testsuite failures="0" time="0.078" errors="0" skipped="0" tests="1" name="br.unicarioca.rottweiler.AppTest">
  <properties>
    <property name="java.runtime.name" value="Java(TM) SE Runtime Environment"/>
    <property name="sun.boot.library.path" value="D:\Arquivos de programas\Java\jdk1.6.0_06\jre\bin"/>
    <property name="java.vm.version" value="10.0-b22"/>
    <property name="java.vm.vendor" value="Sun Microsystems Inc."/>
    <property name="java.vendor.url" value="http://java.sun.com/"/>
    <property name="path.separator" value=";"/>
    <property name="java.vm.name" value="Java HotSpot(TM) Client VM"/>
    <property name="file.encoding.pkg" value="sun.io"/>
    <property name="user.country" value="BR"/>
    <property name="sun.java.launcher" value="SUN_STANDARD"/>
    <property name="sun.os.patch.level" value="Service Pack 2"/>
    <property name="java.vm.specification.name" value="Java Virtual Machine Specification"/>
    <property name="user.dir" value="D:\Documents and Settings\fabio\Documents\workspace-sts-2.3.0.RELEASE\rottweiler"/>
    <property name="java.runtime.version" value="1.6.0_06-b02"/>
    <property name="java.awt.graphicsenv" value="sun.awt.Win32GraphicsEnvironment"/>
    <property name="basedir" value="D:\Documents and Settings\fabio\Documents\workspace-sts-2.3.0.RELEASE\rottweiler"/>
    <property name="java.endorsed.dirs" value="D:\Arquivos de programas\Java\jdk1.6.0_06\jre\lib\endorsed"/>
    <property name="os.arch" value="x86"/>
    <property name="surefire.real.class.path" value="D:\Temp\surefirebooter62999.jar"/>
    <property name="java.io.tmpdir" value="D:\Temp\"/>
    <property name="line.separator" value="
"/>
    <property name="java.vm.specification.vendor" value="Sun Microsystems Inc."/>
    <property name="user.variant" value=""/>
    <property name="os.name" value="Windows XP"/>
    <property name="sun.jnu.encoding" value="Cp1252"/>
    <property name="java.library.path" value="D:\Arquivos de programas\Java\jdk1.6.0_06\jre\bin;.;D:\WINDOWS\Sun\Java\bin;D:\WINDOWS\system32;D:\WINDOWS;D:/Arquivos de programas/Java/jdk1.6.0_06/bin/../jre/bin/client;D:/Arquivos de programas/Java/jdk1.6.0_06/bin/../jre/bin;D:\Inprise\vbroker\bin;D:\WINDOWS\system32;D:\WINDOWS;D:\WINDOWS\System32\Wbem;E:\samba\MinGW\bin;D:\Arquivos de programas\Java\jdk1.6.0_06\bin;D:\Arquivos de programas\ATI Technologies\ATI.ACE\Core-Static;D:\samba2\groovy-1.6.5\bin;D:\ARQUIV~1\Borland\Delphi6\Bin;D:\ARQUIV~1\Borland\Delphi6\Projects\Bpl;D:\Arquivos de programas\QuickTime\QTSystem\;D:\apache-maven-2.0.9\bin;D:\cygwin\bin;D:\springsource\roo-1.0.2.RELEASE\bin"/>
    <property name="surefire.test.class.path" value="D:\Documents and Settings\fabio\Documents\workspace-sts-2.3.0.RELEASE\rottweiler\target\test-classes;D:\Documents and Settings\fabio\Documents\workspace-sts-2.3.0.RELEASE\rottweiler\target\classes;D:\Documents and Settings\fabio\.m2\repository\junit\junit\3.8.1\junit-3.8.1.jar;"/>
    <property name="java.specification.name" value="Java Platform API Specification"/>
    <property name="java.class.version" value="50.0"/>
    <property name="sun.management.compiler" value="HotSpot Client Compiler"/>
    <property name="os.version" value="5.1"/>
    <property name="user.home" value="D:\Documents and Settings\fabio"/>
    <property name="user.timezone" value=""/>
    <property name="java.awt.printerjob" value="sun.awt.windows.WPrinterJob"/>
    <property name="java.specification.version" value="1.6"/>
    <property name="file.encoding" value="Cp1252"/>
    <property name="user.name" value="fabio"/>
    <property name="java.class.path" value="D:\Documents and Settings\fabio\Documents\workspace-sts-2.3.0.RELEASE\rottweiler\target\test-classes;D:\Documents and Settings\fabio\Documents\workspace-sts-2.3.0.RELEASE\rottweiler\target\classes;D:\Documents and Settings\fabio\.m2\repository\junit\junit\3.8.1\junit-3.8.1.jar;"/>
    <property name="java.vm.specification.version" value="1.0"/>
    <property name="sun.arch.data.model" value="32"/>
    <property name="java.home" value="D:\Arquivos de programas\Java\jdk1.6.0_06\jre"/>
    <property name="java.specification.vendor" value="Sun Microsystems Inc."/>
    <property name="user.language" value="pt"/>
    <property name="awt.toolkit" value="sun.awt.windows.WToolkit"/>
    <property name="java.vm.info" value="mixed mode, sharing"/>
    <property name="java.version" value="1.6.0_06"/>
    <property name="java.ext.dirs" value="D:\Arquivos de programas\Java\jdk1.6.0_06\jre\lib\ext;D:\WINDOWS\Sun\Java\lib\ext"/>
    <property name="sun.boot.class.path" value="D:\Arquivos de programas\Java\jdk1.6.0_06\jre\lib\resources.jar;D:\Arquivos de programas\Java\jdk1.6.0_06\jre\lib\rt.jar;D:\Arquivos de programas\Java\jdk1.6.0_06\jre\lib\sunrsasign.jar;D:\Arquivos de programas\Java\jdk1.6.0_06\jre\lib\jsse.jar;D:\Arquivos de programas\Java\jdk1.6.0_06\jre\lib\jce.jar;D:\Arquivos de programas\Java\jdk1.6.0_06\jre\lib\charsets.jar;D:\Arquivos de programas\Java\jdk1.6.0_06\jre\classes"/>
    <property name="java.vendor" value="Sun Microsystems Inc."/>
    <property name="localRepository" value="D:\Documents and Settings\fabio\.m2\repository"/>
    <property name="file.separator" value="\"/>
    <property name="java.vendor.url.bug" value="http://java.sun.com/cgi-bin/bugreport.cgi"/>
    <property name="sun.cpu.endian" value="little"/>
    <property name="sun.io.unicode.encoding" value="UnicodeLittle"/>
    <property name="sun.desktop" value="windows"/>
    <property name="sun.cpu.isalist" value=""/>
  </properties>
  <testcase time="0.031" classname="br.unicarioca.rottweiler.AppTest" name="testApp"/>
</testsuite>